make --dry-run --always-make --keep-going --print-directory
make: Entering directory '/home/cdac/Ajit/ELDD/11_sem_interrupt'
make -C /lib/modules/5.15.0-39-generic/build M=/home/cdac/Ajit/ELDD/11_sem_interrupt modules
 
make[1]: Entering directory '/usr/src/linux-headers-5.15.0-39-generic'
 
if [ "gcc (Ubuntu 11.2.0-19ubuntu1) 11.2.0" != "gcc (Ubuntu 11.2.0-19ubuntu1) 11.2.0" ]; then \
	echo >&2 "warning: the compiler differs from the one used to build the kernel"; \
	echo >&2 "  The kernel was built by: ""gcc (Ubuntu 11.2.0-19ubuntu1) 11.2.0"; \
	echo >&2 "  You are using:           gcc (Ubuntu 11.2.0-19ubuntu1) 11.2.0"; \
fi
make -f ./scripts/Makefile.build obj=/home/cdac/Ajit/ELDD/11_sem_interrupt \
single-build= \
need-builtin=1 need-modorder=1
 
set -e;  echo '  CC [M]  /home/cdac/Ajit/ELDD/11_sem_interrupt/sem_intr.o';  gcc -Wp,-MMD,/home/cdac/Ajit/ELDD/11_sem_interrupt/.sem_intr.o.d -nostdinc -isystem /usr/lib/gcc/x86_64-linux-gnu/11/include -I./arch/x86/include -I./arch/x86/include/generated  -I./include -I./arch/x86/include/uapi -I./arch/x86/include/generated/uapi -I./include/uapi -I./include/generated/uapi -include ./include/linux/compiler-version.h -include ./include/linux/kconfig.h -I./ubuntu/include -include ./include/linux/compiler_types.h -D__KERNEL__ -fmacro-prefix-map=./= -Wall -Wundef -Werror=strict-prototypes -Wno-trigraphs -fno-strict-aliasing -fno-common -fshort-wchar -fno-PIE -Werror=implicit-function-declaration -Werror=implicit-int -Werror=return-type -Wno-format-security -std=gnu89 -mno-sse -mno-mmx -mno-sse2 -mno-3dnow -mno-avx -fcf-protection=none -m64 -falign-jumps=1 -falign-loops=1 -mno-80387 -mno-fp-ret-in-387 -mpreferred-stack-boundary=3 -mskip-rax-setup -mtune=generic -mno-red-zone -mcmodel=kernel -DCONFIG_X86_X32_ABI -Wno-sign-compare -fno-asynchronous-unwind-tables -mindirect-branch=thunk-extern -mindirect-branch-register -fno-jump-tables -fno-delete-null-pointer-checks -Wno-frame-address -Wno-format-truncation -Wno-format-overflow -Wno-address-of-packed-member -O2 -fno-allow-store-data-races -Wframe-larger-than=1024 -fstack-protector-strong -Wimplicit-fallthrough=5 -Wno-main -Wno-unused-but-set-variable -Wno-unused-const-variable -fno-omit-frame-pointer -fno-optimize-sibling-calls -fno-stack-clash-protection -g -gdwarf-5 -pg -mrecord-mcount -mfentry -DCC_USING_FENTRY -Wdeclaration-after-statement -Wvla -Wno-pointer-sign -Wno-stringop-truncation -Wno-zero-length-bounds -Wno-array-bounds -Wno-stringop-overflow -Wno-restrict -Wno-maybe-uninitialized -fno-strict-overflow -fno-stack-check -fconserve-stack -Werror=date-time -Werror=incompatible-pointer-types -Werror=designated-init -Wno-packed-not-aligned  -fsanitize=bounds -fsanitize=shift -fsanitize=bool -fsanitize=enum  -DMODULE  -DKBUILD_BASENAME='"sem_intr"' -DKBUILD_MODNAME='"sem_intr"' -D__KBUILD_MODNAME=kmod_sem_intr -c -o /home/cdac/Ajit/ELDD/11_sem_interrupt/sem_intr.o /home/cdac/Ajit/ELDD/11_sem_interrupt/sem_intr.c; scripts/basic/fixdep /home/cdac/Ajit/ELDD/11_sem_interrupt/.sem_intr.o.d /home/cdac/Ajit/ELDD/11_sem_interrupt/sem_intr.o 'gcc -Wp,-MMD,/home/cdac/Ajit/ELDD/11_sem_interrupt/.sem_intr.o.d -nostdinc -isystem /usr/lib/gcc/x86_64-linux-gnu/11/include -I./arch/x86/include -I./arch/x86/include/generated  -I./include -I./arch/x86/include/uapi -I./arch/x86/include/generated/uapi -I./include/uapi -I./include/generated/uapi -include ./include/linux/compiler-version.h -include ./include/linux/kconfig.h -I./ubuntu/include -include ./include/linux/compiler_types.h -D__KERNEL__ -fmacro-prefix-map=./= -Wall -Wundef -Werror=strict-prototypes -Wno-trigraphs -fno-strict-aliasing -fno-common -fshort-wchar -fno-PIE -Werror=implicit-function-declaration -Werror=implicit-int -Werror=return-type -Wno-format-security -std=gnu89 -mno-sse -mno-mmx -mno-sse2 -mno-3dnow -mno-avx -fcf-protection=none -m64 -falign-jumps=1 -falign-loops=1 -mno-80387 -mno-fp-ret-in-387 -mpreferred-stack-boundary=3 -mskip-rax-setup -mtune=generic -mno-red-zone -mcmodel=kernel -DCONFIG_X86_X32_ABI -Wno-sign-compare -fno-asynchronous-unwind-tables -mindirect-branch=thunk-extern -mindirect-branch-register -fno-jump-tables -fno-delete-null-pointer-checks -Wno-frame-address -Wno-format-truncation -Wno-format-overflow -Wno-address-of-packed-member -O2 -fno-allow-store-data-races -Wframe-larger-than=1024 -fstack-protector-strong -Wimplicit-fallthrough=5 -Wno-main -Wno-unused-but-set-variable -Wno-unused-const-variable -fno-omit-frame-pointer -fno-optimize-sibling-calls -fno-stack-clash-protection -g -gdwarf-5 -pg -mrecord-mcount -mfentry -DCC_USING_FENTRY -Wdeclaration-after-statement -Wvla -Wno-pointer-sign -Wno-stringop-truncation -Wno-zero-length-bounds -Wno-array-bounds -Wno-stringop-overflow -Wno-restrict -Wno-maybe-uninitialized -fno-strict-overflow -fno-stack-check -fconserve-stack -Werror=date-time -Werror=incompatible-pointer-types -Werror=designated-init -Wno-packed-not-aligned  -fsanitize=bounds -fsanitize=shift -fsanitize=bool -fsanitize=enum  -DMODULE  -DKBUILD_BASENAME='\''"sem_intr"'\'' -DKBUILD_MODNAME='\''"sem_intr"'\'' -D__KBUILD_MODNAME=kmod_sem_intr -c -o /home/cdac/Ajit/ELDD/11_sem_interrupt/sem_intr.o /home/cdac/Ajit/ELDD/11_sem_interrupt/sem_intr.c' > /home/cdac/Ajit/ELDD/11_sem_interrupt/.sem_intr.o.cmd; rm -f /home/cdac/Ajit/ELDD/11_sem_interrupt/.sem_intr.o.d
set -e;   
set -e;   
set -e;   
set -e;    ./tools/objtool/objtool check  --module    --retpoline  --uaccess  /home/cdac/Ajit/ELDD/11_sem_interrupt/sem_intr.o
 
set -e;   if objdump -h /home/cdac/Ajit/ELDD/11_sem_interrupt/sem_intr.o | grep -q __ksymtab; then gcc -E -D__GENKSYMS__ -Wp,-MMD,/home/cdac/Ajit/ELDD/11_sem_interrupt/.sem_intr.o.d -nostdinc -isystem /usr/lib/gcc/x86_64-linux-gnu/11/include -I./arch/x86/include -I./arch/x86/include/generated  -I./include -I./arch/x86/include/uapi -I./arch/x86/include/generated/uapi -I./include/uapi -I./include/generated/uapi -include ./include/linux/compiler-version.h -include ./include/linux/kconfig.h -I./ubuntu/include -include ./include/linux/compiler_types.h -D__KERNEL__ -fmacro-prefix-map=./= -Wall -Wundef -Werror=strict-prototypes -Wno-trigraphs -fno-strict-aliasing -fno-common -fshort-wchar -fno-PIE -Werror=implicit-function-declaration -Werror=implicit-int -Werror=return-type -Wno-format-security -std=gnu89 -mno-sse -mno-mmx -mno-sse2 -mno-3dnow -mno-avx -fcf-protection=none -m64 -falign-jumps=1 -falign-loops=1 -mno-80387 -mno-fp-ret-in-387 -mpreferred-stack-boundary=3 -mskip-rax-setup -mtune=generic -mno-red-zone -mcmodel=kernel -DCONFIG_X86_X32_ABI -Wno-sign-compare -fno-asynchronous-unwind-tables -mindirect-branch=thunk-extern -mindirect-branch-register -fno-jump-tables -fno-delete-null-pointer-checks -Wno-frame-address -Wno-format-truncation -Wno-format-overflow -Wno-address-of-packed-member -O2 -fno-allow-store-data-races -Wframe-larger-than=1024 -fstack-protector-strong -Wimplicit-fallthrough=5 -Wno-main -Wno-unused-but-set-variable -Wno-unused-const-variable -fno-omit-frame-pointer -fno-optimize-sibling-calls -fno-stack-clash-protection -g -gdwarf-5 -pg -mrecord-mcount -mfentry -DCC_USING_FENTRY -Wdeclaration-after-statement -Wvla -Wno-pointer-sign -Wno-stringop-truncation -Wno-zero-length-bounds -Wno-array-bounds -Wno-stringop-overflow -Wno-restrict -Wno-maybe-uninitialized -fno-strict-overflow -fno-stack-check -fconserve-stack -Werror=date-time -Werror=incompatible-pointer-types -Werror=designated-init -Wno-packed-not-aligned  -fsanitize=bounds -fsanitize=shift -fsanitize=bool -fsanitize=enum  -DMODULE  -DKBUILD_BASENAME='"sem_intr"' -DKBUILD_MODNAME='"sem_intr"' -D__KBUILD_MODNAME=kmod_sem_intr /home/cdac/Ajit/ELDD/11_sem_interrupt/sem_intr.c | scripts/genksyms/genksyms    -r /dev/null > /home/cdac/Ajit/ELDD/11_sem_interrupt/.tmp_sem_intr.ver; ld -m elf_x86_64 -r -o /home/cdac/Ajit/ELDD/11_sem_interrupt/.tmp_sem_intr.o /home/cdac/Ajit/ELDD/11_sem_interrupt/sem_intr.o -T /home/cdac/Ajit/ELDD/11_sem_interrupt/.tmp_sem_intr.ver; mv -f /home/cdac/Ajit/ELDD/11_sem_interrupt/.tmp_sem_intr.o /home/cdac/Ajit/ELDD/11_sem_interrupt/sem_intr.o; rm -f /home/cdac/Ajit/ELDD/11_sem_interrupt/.tmp_sem_intr.ver; fi
set -e;   
set -e;   
set -e;   
set -e;   { echo  /home/cdac/Ajit/ELDD/11_sem_interrupt/sem_intr.o;  echo; } > /home/cdac/Ajit/ELDD/11_sem_interrupt/sem_intr.mod; printf '%s\n' 'cmd_/home/cdac/Ajit/ELDD/11_sem_interrupt/sem_intr.mod := { echo  /home/cdac/Ajit/ELDD/11_sem_interrupt/sem_intr.o;  echo; } > /home/cdac/Ajit/ELDD/11_sem_interrupt/sem_intr.mod' > /home/cdac/Ajit/ELDD/11_sem_interrupt/.sem_intr.mod.cmd
set -e;   {   echo /home/cdac/Ajit/ELDD/11_sem_interrupt/sem_intr.ko; :; } | awk '!x[$0]++' - > /home/cdac/Ajit/ELDD/11_sem_interrupt/modules.order; printf '%s\n' 'cmd_/home/cdac/Ajit/ELDD/11_sem_interrupt/modules.order := {   echo /home/cdac/Ajit/ELDD/11_sem_interrupt/sem_intr.ko; :; } | awk '\''!x[$$0]++'\'' - > /home/cdac/Ajit/ELDD/11_sem_interrupt/modules.order' > /home/cdac/Ajit/ELDD/11_sem_interrupt/.modules.order.cmd
:
 
:
sh ./scripts/modules-check.sh /home/cdac/Ajit/ELDD/11_sem_interrupt/modules.order
make -f ./scripts/Makefile.modpost
 
cat: /home/cdac/Ajit/ELDD/11_sem_interrupt/modules.order: No such file or directory

make[2]: *** No rule to make target '/home/cdac/Ajit/ELDD/11_sem_interrupt/modules.order', needed by '/home/cdac/Ajit/ELDD/11_sem_interrupt/Module.symvers'.
make[1]: *** [Makefile:1790: modules] Error 2

echo >&2 'WARNING: Symbol version dump "Module.symvers" is missing.'
echo >&2 '         Modules may not have dependencies or modversions.'
echo >&2 '         You may get many unresolved symbol warnings.'
make[1]: Leaving directory '/usr/src/linux-headers-5.15.0-39-generic'
 
make: *** [Makefile:9: default] Error 2

make: Leaving directory '/home/cdac/Ajit/ELDD/11_sem_interrupt'
 
